{"C:\\Users\\Mariana\\Documents\\OiDevs - Backend\\módulo06 - Testes-Automatizados\\aula02\\src\\database\\index.js": {"path":"C:\\Users\\Mariana\\Documents\\OiDevs - Backend\\módulo06 - Testes-Automatizados\\aula02\\src\\database\\index.js","all":false,"statementMap":{"0":{"start":{"line":1,"column":0},"end":{"line":1,"column":12}},"1":{"start":{"line":2,"column":0},"end":{"line":2,"column":15}},"2":{"start":{"line":3,"column":0},"end":{"line":3,"column":23}},"3":{"start":{"line":4,"column":0},"end":{"line":4,"column":22}},"4":{"start":{"line":5,"column":0},"end":{"line":5,"column":33}},"5":{"start":{"line":6,"column":0},"end":{"line":6,"column":5}},"6":{"start":{"line":7,"column":0},"end":{"line":7,"column":1}},"7":{"start":{"line":8,"column":0},"end":{"line":8,"column":0}},"8":{"start":{"line":9,"column":0},"end":{"line":9,"column":18}},"9":{"start":{"line":10,"column":0},"end":{"line":10,"column":25}},"10":{"start":{"line":11,"column":0},"end":{"line":11,"column":30}},"11":{"start":{"line":12,"column":0},"end":{"line":12,"column":6}},"12":{"start":{"line":13,"column":0},"end":{"line":13,"column":0}},"13":{"start":{"line":14,"column":0},"end":{"line":14,"column":37}},"14":{"start":{"line":15,"column":0},"end":{"line":15,"column":95}},"15":{"start":{"line":16,"column":0},"end":{"line":16,"column":19}},"16":{"start":{"line":17,"column":0},"end":{"line":17,"column":54}},"17":{"start":{"line":18,"column":0},"end":{"line":18,"column":17}},"18":{"start":{"line":19,"column":0},"end":{"line":19,"column":16}},"19":{"start":{"line":20,"column":0},"end":{"line":20,"column":17}},"20":{"start":{"line":21,"column":0},"end":{"line":21,"column":9}},"21":{"start":{"line":22,"column":0},"end":{"line":22,"column":0}},"22":{"start":{"line":23,"column":0},"end":{"line":23,"column":34}},"23":{"start":{"line":24,"column":0},"end":{"line":24,"column":0}},"24":{"start":{"line":25,"column":0},"end":{"line":25,"column":5}},"25":{"start":{"line":26,"column":0},"end":{"line":26,"column":1}}},"s":{"0":1,"1":1,"2":1,"3":1,"4":1,"5":1,"6":1,"7":1,"8":1,"9":1,"10":1,"11":1,"12":1,"13":1,"14":0,"15":0,"16":0,"17":0,"18":0,"19":0,"20":0,"21":0,"22":0,"23":0,"24":0,"25":1},"branchMap":{"0":{"type":"branch","line":10,"loc":{"start":{"line":10,"column":16},"end":{"line":12,"column":5}},"locations":[{"start":{"line":10,"column":16},"end":{"line":12,"column":5}}]},"1":{"type":"branch","line":11,"loc":{"start":{"line":11,"column":22},"end":{"line":11,"column":30}},"locations":[{"start":{"line":11,"column":22},"end":{"line":11,"column":30}}]}},"b":{"0":[1],"1":[0]},"fnMap":{"0":{"name":"findByCPF","decl":{"start":{"line":10,"column":16},"end":{"line":12,"column":5}},"loc":{"start":{"line":10,"column":16},"end":{"line":12,"column":5}},"line":10},"1":{"name":"create","decl":{"start":{"line":14,"column":12},"end":{"line":25,"column":5}},"loc":{"start":{"line":14,"column":12},"end":{"line":25,"column":5}},"line":14}},"f":{"0":1,"1":0}}
,"C:\\Users\\Mariana\\Documents\\OiDevs - Backend\\módulo06 - Testes-Automatizados\\aula02\\src\\services\\user-service.js": {"path":"C:\\Users\\Mariana\\Documents\\OiDevs - Backend\\módulo06 - Testes-Automatizados\\aula02\\src\\services\\user-service.js","all":false,"statementMap":{"0":{"start":{"line":1,"column":0},"end":{"line":1,"column":34}},"1":{"start":{"line":2,"column":0},"end":{"line":2,"column":0}},"2":{"start":{"line":3,"column":0},"end":{"line":3,"column":19}},"3":{"start":{"line":4,"column":0},"end":{"line":4,"column":39}},"4":{"start":{"line":5,"column":0},"end":{"line":5,"column":26}},"5":{"start":{"line":6,"column":0},"end":{"line":6,"column":17}},"6":{"start":{"line":7,"column":0},"end":{"line":7,"column":16}},"7":{"start":{"line":8,"column":0},"end":{"line":8,"column":17}},"8":{"start":{"line":9,"column":0},"end":{"line":9,"column":11}},"9":{"start":{"line":10,"column":0},"end":{"line":10,"column":6}},"10":{"start":{"line":11,"column":0},"end":{"line":11,"column":0}},"11":{"start":{"line":12,"column":0},"end":{"line":12,"column":28}},"12":{"start":{"line":13,"column":0},"end":{"line":13,"column":39}},"13":{"start":{"line":14,"column":0},"end":{"line":14,"column":8}},"14":{"start":{"line":15,"column":0},"end":{"line":15,"column":18}},"15":{"start":{"line":16,"column":0},"end":{"line":16,"column":24}},"16":{"start":{"line":17,"column":0},"end":{"line":17,"column":10}},"17":{"start":{"line":18,"column":0},"end":{"line":18,"column":0}},"18":{"start":{"line":19,"column":0},"end":{"line":19,"column":20}},"19":{"start":{"line":20,"column":0},"end":{"line":20,"column":6}},"20":{"start":{"line":21,"column":0},"end":{"line":21,"column":2}},"21":{"start":{"line":22,"column":0},"end":{"line":22,"column":0}},"22":{"start":{"line":23,"column":0},"end":{"line":23,"column":29}}},"s":{"0":1,"1":1,"2":1,"3":1,"4":1,"5":1,"6":1,"7":1,"8":1,"9":1,"10":1,"11":1,"12":5,"13":5,"14":5,"15":2,"16":3,"17":3,"18":3,"19":3,"20":1,"21":1,"22":1},"branchMap":{"0":{"type":"branch","line":4,"loc":{"start":{"line":4,"column":11},"end":{"line":10,"column":6}},"locations":[{"start":{"line":4,"column":11},"end":{"line":10,"column":6}}]},"1":{"type":"branch","line":12,"loc":{"start":{"line":12,"column":11},"end":{"line":20,"column":6}},"locations":[{"start":{"line":12,"column":11},"end":{"line":20,"column":6}}]},"2":{"type":"branch","line":15,"loc":{"start":{"line":15,"column":17},"end":{"line":20,"column":6}},"locations":[{"start":{"line":15,"column":17},"end":{"line":20,"column":6}}]},"3":{"type":"branch","line":15,"loc":{"start":{"line":15,"column":17},"end":{"line":17,"column":9}},"locations":[{"start":{"line":15,"column":17},"end":{"line":17,"column":9}}]}},"b":{"0":[1],"1":[5],"2":[3],"3":[2]},"fnMap":{"0":{"name":"signUp","decl":{"start":{"line":4,"column":11},"end":{"line":10,"column":6}},"loc":{"start":{"line":4,"column":11},"end":{"line":10,"column":6}},"line":4},"1":{"name":"userExists","decl":{"start":{"line":12,"column":11},"end":{"line":20,"column":6}},"loc":{"start":{"line":12,"column":11},"end":{"line":20,"column":6}},"line":12}},"f":{"0":1,"1":5}}
,"C:\\Users\\Mariana\\Documents\\OiDevs - Backend\\módulo06 - Testes-Automatizados\\aula02\\src\\utils\\cpf-validator.js": {"path":"C:\\Users\\Mariana\\Documents\\OiDevs - Backend\\módulo06 - Testes-Automatizados\\aula02\\src\\utils\\cpf-validator.js","all":false,"statementMap":{"0":{"start":{"line":1,"column":0},"end":{"line":1,"column":60}},"1":{"start":{"line":2,"column":0},"end":{"line":2,"column":0}},"2":{"start":{"line":3,"column":0},"end":{"line":3,"column":20}},"3":{"start":{"line":4,"column":0},"end":{"line":4,"column":25}},"4":{"start":{"line":5,"column":0},"end":{"line":5,"column":41}},"5":{"start":{"line":6,"column":0},"end":{"line":6,"column":6}},"6":{"start":{"line":7,"column":0},"end":{"line":7,"column":2}},"7":{"start":{"line":8,"column":0},"end":{"line":8,"column":0}},"8":{"start":{"line":9,"column":0},"end":{"line":9,"column":30}}},"s":{"0":1,"1":1,"2":1,"3":1,"4":4,"5":4,"6":1,"7":1,"8":1},"branchMap":{"0":{"type":"branch","line":4,"loc":{"start":{"line":4,"column":11},"end":{"line":6,"column":6}},"locations":[{"start":{"line":4,"column":11},"end":{"line":6,"column":6}}]}},"b":{"0":[4]},"fnMap":{"0":{"name":"isValid","decl":{"start":{"line":4,"column":11},"end":{"line":6,"column":6}},"loc":{"start":{"line":4,"column":11},"end":{"line":6,"column":6}},"line":4}},"f":{"0":4}}
}
