<?xml version="1.0" encoding="UTF-8"?>
<coverage generated="1675970799848" clover="3.2.0">
  <project timestamp="1675970799849" name="All files">
    <metrics statements="15" coveredstatements="12" conditionals="3" coveredconditionals="2" methods="2" coveredmethods="2" elements="20" coveredelements="16" complexity="0" loc="15" ncloc="15" packages="1" files="1" classes="1"/>
    <file name="calculadora.js" path="C:\Users\Mariana\Documents\OiDevs - Backend\módulo06 - Testes-Automatizados\aula01\calculadora.js">
      <metrics statements="15" coveredstatements="12" conditionals="3" coveredconditionals="2" methods="2" coveredmethods="2"/>
      <line num="1" count="1" type="stmt"/>
      <line num="2" count="1" type="cond" truecount="1" falsecount="0"/>
      <line num="3" count="1" type="stmt"/>
      <line num="4" count="1" type="stmt"/>
      <line num="5" count="1" type="stmt"/>
      <line num="6" count="1" type="cond" truecount="1" falsecount="0"/>
      <line num="7" count="1" type="stmt"/>
      <line num="8" count="1" type="stmt"/>
      <line num="9" count="1" type="cond" truecount="0" falsecount="1"/>
      <line num="10" count="0" type="stmt"/>
      <line num="11" count="0" type="stmt"/>
      <line num="12" count="0" type="stmt"/>
      <line num="13" count="1" type="stmt"/>
      <line num="14" count="1" type="stmt"/>
      <line num="15" count="1" type="stmt"/>
    </file>
  </project>
</coverage>
